Build started 03/10/2014 21:55:43.
     1>Project "E:\My Documents\Visual Studio 2013\Projects\CodeBreaker\CodeBreaker\CodeBreaker.vcxproj" on node 2 (Build target(s)).
     1>ClCompile:
         C:\Program Files (x86)\MSVS2013\VC\bin\CL.exe /c /ZI /nologo /W3 /WX- /sdl /Od /Oy- /D WIN32 /D _DEBUG /D _CONSOLE /D _UNICODE /D UNICODE /Gm /EHsc /RTC1 /MDd /GS /fp:precise /Zc:wchar_t /Zc:forScope /Yu"stdafx.h" /Fp"Debug\CodeBreaker.pch" /Fo"Debug\\" /Fd"Debug\vc120.pdb" /Gd /TP /analyze- /errorReport:prompt Bifid.cpp Trifid.cpp
         Trifid.cpp
     1>e:\my documents\visual studio 2013\projects\codebreaker\codebreaker\trifid.cpp(10): warning C4305: 'initializing' : truncation from 'double' to 'const float'
     1>e:\my documents\visual studio 2013\projects\codebreaker\codebreaker\trifid.cpp(35): warning C4018: '<' : signed/unsigned mismatch
         Bifid.cpp
     1>e:\my documents\visual studio 2013\projects\codebreaker\codebreaker\bifid.cpp(10): warning C4305: 'initializing' : truncation from 'double' to 'const float'
     1>e:\my documents\visual studio 2013\projects\codebreaker\codebreaker\bifid.cpp(30): warning C4018: '<' : signed/unsigned mismatch
     1>e:\my documents\visual studio 2013\projects\codebreaker\codebreaker\bifid.cpp(32): warning C4018: '>' : signed/unsigned mismatch
         Generating Code...
       Link:
         C:\Program Files (x86)\MSVS2013\VC\bin\link.exe /ERRORREPORT:PROMPT /OUT:"E:\My Documents\Visual Studio 2013\Projects\CodeBreaker\Debug\CodeBreaker.exe" /INCREMENTAL /NOLOGO kernel32.lib user32.lib gdi32.lib winspool.lib comdlg32.lib advapi32.lib shell32.lib ole32.lib oleaut32.lib uuid.lib odbc32.lib odbccp32.lib /MANIFEST /MANIFESTUAC:"level='asInvoker' uiAccess='false'" /manifest:embed /DEBUG /PDB:"E:\My Documents\Visual Studio 2013\Projects\CodeBreaker\Debug\CodeBreaker.pdb" /SUBSYSTEM:CONSOLE /TLBID:1 /DYNAMICBASE /NXCOMPAT /IMPLIB:"E:\My Documents\Visual Studio 2013\Projects\CodeBreaker\Debug\CodeBreaker.lib" /MACHINE:X86 Debug\Bifid.obj
         Debug\CodeBreaker.obj
         Debug\FourSquare.obj
         Debug\Globals.obj
         Debug\SimpleSubstitution.obj
         Debug\stdafx.obj
         Debug\Trifid.obj
         Debug\Vigenere.obj
         CodeBreaker.vcxproj -> E:\My Documents\Visual Studio 2013\Projects\CodeBreaker\Debug\CodeBreaker.exe
     1>Done Building Project "E:\My Documents\Visual Studio 2013\Projects\CodeBreaker\CodeBreaker\CodeBreaker.vcxproj" (Build target(s)).

Build succeeded.

Time Elapsed 00:00:00.90
