Build started 03/10/2014 21:58:13.
     1>Project "E:\My Documents\Visual Studio 2013\Projects\CodeBreaker\CodeBreaker\CodeBreaker.vcxproj" on node 2 (Build target(s)).
     1>ClCompile:
         C:\Program Files (x86)\MSVS2013\VC\bin\CL.exe /c /Zi /nologo /W3 /WX- /sdl /O2 /Oi /Oy- /GL /D WIN32 /D NDEBUG /D _CONSOLE /D _UNICODE /D UNICODE /Gm- /EHsc /MD /GS /Gy /fp:precise /Zc:wchar_t /Zc:forScope /Yu"stdafx.h" /Fp"Release\CodeBreaker.pch" /Fo"Release\\" /Fd"Release\vc120.pdb" /Gd /TP /analyze- /errorReport:prompt Bifid.cpp
         Bifid.cpp
     1>Bifid.cpp(10): warning C4305: 'initializing' : truncation from 'double' to 'const float'
     1>Bifid.cpp(30): warning C4018: '<' : signed/unsigned mismatch
     1>Bifid.cpp(32): warning C4018: '>' : signed/unsigned mismatch
       Link:
         C:\Program Files (x86)\MSVS2013\VC\bin\link.exe /ERRORREPORT:PROMPT /OUT:"E:\My Documents\Visual Studio 2013\Projects\CodeBreaker\Release\CodeBreaker.exe" /INCREMENTAL:NO /NOLOGO kernel32.lib user32.lib gdi32.lib winspool.lib comdlg32.lib advapi32.lib shell32.lib ole32.lib oleaut32.lib uuid.lib odbc32.lib odbccp32.lib /MANIFEST /MANIFESTUAC:"level='asInvoker' uiAccess='false'" /manifest:embed /DEBUG /PDB:"E:\My Documents\Visual Studio 2013\Projects\CodeBreaker\Release\CodeBreaker.pdb" /SUBSYSTEM:CONSOLE /OPT:REF /OPT:ICF /LTCG /TLBID:1 /DYNAMICBASE /NXCOMPAT /IMPLIB:"E:\My Documents\Visual Studio 2013\Projects\CodeBreaker\Release\CodeBreaker.lib" /MACHINE:X86 /SAFESEH Release\Bifid.obj
         Release\CodeBreaker.obj
         Release\FourSquare.obj
         Release\Globals.obj
         Release\SimpleSubstitution.obj
         Release\stdafx.obj
         Release\Trifid.obj
         Release\Vigenere.obj
         Generating code
         Finished generating code
         CodeBreaker.vcxproj -> E:\My Documents\Visual Studio 2013\Projects\CodeBreaker\Release\CodeBreaker.exe
     1>Done Building Project "E:\My Documents\Visual Studio 2013\Projects\CodeBreaker\CodeBreaker\CodeBreaker.vcxproj" (Build target(s)).

Build succeeded.

Time Elapsed 00:00:01.15
